<?xml version="1.0" encoding="UTF-8"?>
<!-- Generated by org.testng.reporters.JUnitXMLReporter -->
<testsuite ignored="0" hostname="WL-286" failures="1" tests="30" name="Auth and Single Prompt Tests" time="21.959" errors="0" timestamp="2025-03-14T11:35:41 IST">
  <testcase classname="api.test.AuthTests.LoginTests" name="testUserLogin" time="4.745"/>
  <testcase classname="api.test.AuthTests.RegisterTests" name="testInvalidUserRegister" time="0.111"/>
  <testcase classname="api.test.AuthTests.RegisterTests" name="testInvalidUserRegister" time="0.1"/>
  <testcase classname="api.test.AuthTests.RegisterTests" name="testInvalidUserRegister" time="0.11"/>
  <testcase classname="api.test.AuthTests.RegisterTests" name="testInvalidUserRegister" time="0.106"/>
  <testcase classname="api.test.AuthTests.RegisterTests" name="testInvalidUserRegister" time="1.776"/>
  <testcase classname="api.test.AuthTests.RegisterTests" name="testInvalidUserRegister" time="0.106"/>
  <testcase classname="api.test.AuthTests.RegisterTests" name="testInvalidUserRegister" time="0.087"/>
  <testcase classname="api.test.AuthTests.RegisterTests" name="testValidUserRegister" time="3.249"/>
  <testcase classname="api.test.AuthTests.RegisterTests" name="testValidUserRegister" time="3.061"/>
  <testcase classname="api.test.AuthTests.GetUserTests" name="testGetUserWithValidToken" time="0.108"/>
  <testcase classname="api.test.AuthTests.ForgotPasswordTests" name="testForgotPassword" time="1.435"/>
  <testcase classname="api.test.AuthTests.ForgotPasswordTests" name="testForgotPassword" time="0.086"/>
  <testcase classname="api.test.AuthTests.ForgotPasswordTests" name="testForgotPassword" time="0.093"/>
  <testcase classname="api.test.AuthTests.ForgotPasswordTests" name="testForgotPassword" time="0.1"/>
  <testcase classname="api.test.AuthTests.ResetPasswordTests" name="testResetPassword" time="0.161"/>
  <testcase classname="api.test.AuthTests.ResetPasswordTests" name="testResetPassword" time="0.091"/>
  <testcase classname="api.test.AuthTests.ResetPasswordTests" name="testResetPassword" time="0.087"/>
  <testcase classname="api.test.AuthTests.ResetPasswordTests" name="testResetPassword" time="0.09"/>
  <testcase classname="api.test.AuthTests.ResetPasswordTests" name="testResetPassword" time="0.083"/>
  <testcase classname="api.test.AuthTests.ResetPasswordTests" name="testResetPassword" time="0.086"/>
  <testcase classname="api.test.SinglePromptTests.PromptListTests" name="testPromptListErrors" time="0.407"/>
  <testcase classname="api.test.SinglePromptTests.CategoryListTests" name="testCategoryListErrors" time="0.135"/>
  <testcase classname="api.test.SinglePromptTests.ContentsNewTests" name="testStreamAPI" time="2.18"/>
  <testcase classname="api.test.SinglePromptTests.ContentsNewTests" name="testStreamAPI" time="0.091"/>
  <testcase classname="api.test.SinglePromptTests.ContentsNewTests" name="testStreamAPI" time="0.09"/>
  <testcase classname="api.test.SinglePromptTests.ContentsNewTests" name="testStreamAPI" time="0.08"/>
  <testcase classname="api.test.SinglePromptTests.ContentsNewTests" name="testStreamAPI" time="0.1">
    <failure type="java.lang.AssertionError" message="Unexpected status code! Expected: 400 expected [400] but found [500]">
      <![CDATA[java.lang.AssertionError: Unexpected status code! Expected: 400 expected [400] but found [500]
at api.test.SinglePromptTests.ContentsNewTests.testStreamAPI(ContentsNewTests.java:48)
at java.base/java.util.ArrayList.forEach(ArrayList.java:1597)
... Removed 31 stack frames]]>
    </failure>
  </testcase> <!-- testStreamAPI -->
  <testcase classname="api.test.SinglePromptTests.ContentsNewTests" name="testStreamAPI" time="2.191"/>
  <testcase classname="api.test.SinglePromptTests.ContentsNewTests" name="testStreamAPI" time="0.1"/>
</testsuite> <!-- Auth and Single Prompt Tests -->
